0 info it worked if it ends with ok
1 verbose cli [ 'node', '/usr/local/bin/npm', 'install', 'gulp-run' ]
2 info using npm@2.1.7
3 info using node@v0.10.33
4 warn package.json apishopsForm@1.0.0 No README data
5 silly cache add args [ 'gulp-run', null ]
6 verbose cache add spec gulp-run
7 silly cache add parsed spec { raw: 'gulp-run',
7 silly cache add   scope: null,
7 silly cache add   name: 'gulp-run',
7 silly cache add   rawSpec: '',
7 silly cache add   spec: '*',
7 silly cache add   type: 'range' }
8 verbose addNamed gulp-run@*
9 silly addNamed semver.valid null
10 silly addNamed semver.validRange *
11 silly addNameRange { name: 'gulp-run', range: '*', hasData: false }
12 silly mapToRegistry name gulp-run
13 silly mapToRegistry using default registry
14 silly mapToRegistry registry https://registry.npmjs.org/
15 silly mapToRegistry uri https://registry.npmjs.org/gulp-run
16 verbose addNameRange registry:https://registry.npmjs.org/gulp-run not in flight; fetching
17 verbose request uri https://registry.npmjs.org/gulp-run
18 verbose request no auth needed
19 info attempt registry request try #1 at 23:04:31
20 verbose request id 01efdd10cbaa26dd
21 http request GET https://registry.npmjs.org/gulp-run
22 http 200 https://registry.npmjs.org/gulp-run
23 silly get cb [ 200,
23 silly get   { date: 'Sat, 08 Nov 2014 21:04:22 GMT',
23 silly get     server: 'CouchDB/1.5.0 (Erlang OTP/R16B03)',
23 silly get     etag: '"8AP77YF5UCBJSZW03CGLOLH5X"',
23 silly get     'content-type': 'application/json',
23 silly get     'cache-control': 'max-age=60',
23 silly get     'content-length': '28890',
23 silly get     'accept-ranges': 'bytes',
23 silly get     via: '1.1 varnish',
23 silly get     age: '0',
23 silly get     'x-served-by': 'cache-ams4133-AMS',
23 silly get     'x-cache': 'MISS',
23 silly get     'x-cache-hits': '0',
23 silly get     'x-timer': 'S1415480662.169645,VS0,VE161',
23 silly get     vary: 'Accept',
23 silly get     'keep-alive': 'timeout=10, max=50',
23 silly get     connection: 'Keep-Alive' } ]
24 silly addNameRange number 2 { name: 'gulp-run', range: '*', hasData: true }
25 silly addNameRange versions [ 'gulp-run',
25 silly addNameRange   [ '1.0.0',
25 silly addNameRange     '1.1.0',
25 silly addNameRange     '1.1.1',
25 silly addNameRange     '1.1.2',
25 silly addNameRange     '1.2.0',
25 silly addNameRange     '1.3.0',
25 silly addNameRange     '1.4.0',
25 silly addNameRange     '1.4.1',
25 silly addNameRange     '1.4.2',
25 silly addNameRange     '1.4.3',
25 silly addNameRange     '1.5.0',
25 silly addNameRange     '1.5.1',
25 silly addNameRange     '1.5.2',
25 silly addNameRange     '1.5.3',
25 silly addNameRange     '1.5.4',
25 silly addNameRange     '1.6.0',
25 silly addNameRange     '1.6.1',
25 silly addNameRange     '1.6.2',
25 silly addNameRange     '1.6.3',
25 silly addNameRange     '1.6.4' ] ]
26 verbose addNamed gulp-run@1.6.4
27 silly addNamed semver.valid 1.6.4
28 silly addNamed semver.validRange 1.6.4
29 silly mapToRegistry name gulp-run
30 silly mapToRegistry using default registry
31 silly mapToRegistry registry https://registry.npmjs.org/
32 silly mapToRegistry uri https://registry.npmjs.org/gulp-run
33 verbose addRemoteTarball https://registry.npmjs.org/gulp-run/-/gulp-run-1.6.4.tgz not in flight; adding
34 verbose addRemoteTarball [ 'https://registry.npmjs.org/gulp-run/-/gulp-run-1.6.4.tgz',
34 verbose addRemoteTarball   '0bb072faad64b7a6862aba11fbaf5340d24d1382' ]
35 info retry fetch attempt 1 at 23:04:31
36 info attempt registry request try #1 at 23:04:31
37 http fetch GET https://registry.npmjs.org/gulp-run/-/gulp-run-1.6.4.tgz
38 http fetch 200 https://registry.npmjs.org/gulp-run/-/gulp-run-1.6.4.tgz
39 silly fetchAndShaCheck shasum 0bb072faad64b7a6862aba11fbaf5340d24d1382
40 verbose addTmpTarball /var/folders/90/whq4t5yx7dzgkz60k_18hlk00000gn/T/npm-23448-a4f9272a/registry.npmjs.org/gulp-run/-/gulp-run-1.6.4.tgz not in flight; adding
41 verbose addTmpTarball already have metadata; skipping unpack for gulp-run@1.6.4
42 silly cache afterAdd gulp-run@1.6.4
43 verbose afterAdd /Users/mac/.npm/gulp-run/1.6.4/package/package.json not in flight; writing
44 verbose afterAdd /Users/mac/.npm/gulp-run/1.6.4/package/package.json written
45 silly install resolved [ { name: 'gulp-run',
45 silly install resolved     version: '1.6.4',
45 silly install resolved     description: 'Pipe to shell commands in gulp',
45 silly install resolved     main: 'gulp-run.js',
45 silly install resolved     scripts: { test: 'mocha spec -R spec' },
45 silly install resolved     repository: { type: 'git', url: 'git://github.com/cbarrick/gulp-run.git' },
45 silly install resolved     keywords: [ 'gulpplugin', 'gulp', 'run', 'shell', 'command', 'sh' ],
45 silly install resolved     author: { name: 'Chris Barrick', email: 'cbarrick1@gmail.com' },
45 silly install resolved     license: 'ISC',
45 silly install resolved     bugs: { url: 'https://github.com/cbarrick/gulp-run/issues' },
45 silly install resolved     homepage: 'https://github.com/cbarrick/gulp-run',
45 silly install resolved     devDependencies:
45 silly install resolved      { canopy: '^0.2.0',
45 silly install resolved        chai: '^1.9.1',
45 silly install resolved        gulp: '^3.6.2',
45 silly install resolved        mocha: '^1.18.2' },
45 silly install resolved     dependencies: { 'gulp-util': '^3.0.0', lodash: '^2.4.1', vinyl: '^0.3.0' },
45 silly install resolved     _id: 'gulp-run@1.6.4',
45 silly install resolved     _shasum: '0bb072faad64b7a6862aba11fbaf5340d24d1382',
45 silly install resolved     _from: 'gulp-run@*',
45 silly install resolved     _npmVersion: '1.4.9',
45 silly install resolved     _npmUser: { name: 'cbarrick', email: 'cbarrick1@gmail.com' },
45 silly install resolved     maintainers: [ [Object] ],
45 silly install resolved     dist:
45 silly install resolved      { shasum: '0bb072faad64b7a6862aba11fbaf5340d24d1382',
45 silly install resolved        tarball: 'http://registry.npmjs.org/gulp-run/-/gulp-run-1.6.4.tgz' },
45 silly install resolved     directories: {},
45 silly install resolved     _resolved: 'https://registry.npmjs.org/gulp-run/-/gulp-run-1.6.4.tgz' } ]
46 info install gulp-run@1.6.4 into /Users/mac/Dropbox/Public/work/sources/apishopsForm
47 info installOne gulp-run@1.6.4
48 verbose installOne of gulp-run to /Users/mac/Dropbox/Public/work/sources/apishopsForm not in flight; installing
49 verbose lock using /Users/mac/.npm/_locks/gulp-run-03e71cd47720ce42.lock for /Users/mac/Dropbox/Public/work/sources/apishopsForm/node_modules/gulp-run
50 silly install write writing gulp-run 1.6.4 to /Users/mac/Dropbox/Public/work/sources/apishopsForm/node_modules/gulp-run
51 silly cache addNamed cb gulp-run@1.6.4
52 verbose unbuild node_modules/gulp-run
53 verbose gentlyRm vacuuming /Users/mac/Dropbox/Public/work/sources/apishopsForm/node_modules/gulp-run
54 verbose tar unpack /Users/mac/.npm/gulp-run/1.6.4/package.tgz
55 verbose tar unpacking to /Users/mac/Dropbox/Public/work/sources/apishopsForm/node_modules/gulp-run
56 verbose gentlyRm vacuuming /Users/mac/Dropbox/Public/work/sources/apishopsForm/node_modules/gulp-run
57 silly gunzTarPerm modes [ '755', '644' ]
58 silly gunzTarPerm extractEntry package.json
59 silly gunzTarPerm extractEntry .npmignore
60 silly gunzTarPerm extractEntry README.md
61 silly gunzTarPerm extractEntry gulp-run.js
62 silly gunzTarPerm extractEntry .jshintrc
63 silly gunzTarPerm extractEntry .travis.yml
64 silly gunzTarPerm extractEntry LICENSE.md
65 silly gunzTarPerm extractEntry lib/command.js
66 silly gunzTarPerm extractEntry spec/gulp-run.js
67 silly gunzTarPerm extractEntry spec/sample.input.txt
68 info preinstall gulp-run@1.6.4
69 silly prepareForInstallMany adding lodash@^2.4.1 from gulp-run dependencies
70 silly prepareForInstallMany adding vinyl@^0.3.0 from gulp-run dependencies
71 silly cache add args [ 'lodash@^2.4.1', null ]
72 verbose cache add spec lodash@^2.4.1
73 silly cache add args [ 'vinyl@^0.3.0', null ]
74 verbose cache add spec vinyl@^0.3.0
75 silly cache add parsed spec { raw: 'lodash@^2.4.1',
75 silly cache add   scope: null,
75 silly cache add   name: 'lodash',
75 silly cache add   rawSpec: '^2.4.1',
75 silly cache add   spec: '>=2.4.1 <3.0.0',
75 silly cache add   type: 'range' }
76 verbose addNamed lodash@>=2.4.1 <3.0.0
77 silly addNamed semver.valid null
78 silly addNamed semver.validRange >=2.4.1 <3.0.0
79 silly addNameRange { name: 'lodash', range: '>=2.4.1 <3.0.0', hasData: false }
80 silly mapToRegistry name lodash
81 silly mapToRegistry using default registry
82 silly mapToRegistry registry https://registry.npmjs.org/
83 silly mapToRegistry uri https://registry.npmjs.org/lodash
84 verbose addNameRange registry:https://registry.npmjs.org/lodash not in flight; fetching
85 silly cache add parsed spec { raw: 'vinyl@^0.3.0',
85 silly cache add   scope: null,
85 silly cache add   name: 'vinyl',
85 silly cache add   rawSpec: '^0.3.0',
85 silly cache add   spec: '>=0.3.0 <0.4.0',
85 silly cache add   type: 'range' }
86 verbose addNamed vinyl@>=0.3.0 <0.4.0
87 silly addNamed semver.valid null
88 silly addNamed semver.validRange >=0.3.0 <0.4.0
89 silly addNameRange { name: 'vinyl', range: '>=0.3.0 <0.4.0', hasData: false }
90 silly mapToRegistry name vinyl
91 silly mapToRegistry using default registry
92 silly mapToRegistry registry https://registry.npmjs.org/
93 silly mapToRegistry uri https://registry.npmjs.org/vinyl
94 verbose addNameRange registry:https://registry.npmjs.org/vinyl not in flight; fetching
95 verbose request uri https://registry.npmjs.org/lodash
96 verbose request no auth needed
97 info attempt registry request try #1 at 23:04:32
98 verbose etag "9CIRM1QMYRMX2M8QHMPA6K5M3"
99 http request GET https://registry.npmjs.org/lodash
100 verbose request uri https://registry.npmjs.org/vinyl
101 verbose request no auth needed
102 info attempt registry request try #1 at 23:04:32
103 verbose etag "AF165S6RQBFB9TFUQW6Z6YZ7T"
104 http request GET https://registry.npmjs.org/vinyl
105 http 304 https://registry.npmjs.org/lodash
106 silly get cb [ 304,
106 silly get   { date: 'Sat, 08 Nov 2014 21:04:23 GMT',
106 silly get     server: 'Apache',
106 silly get     via: '1.1 varnish',
106 silly get     'last-modified': 'Sat, 08 Nov 2014 21:04:23 GMT',
106 silly get     'cache-control': 'max-age=60',
106 silly get     etag: '"9CIRM1QMYRMX2M8QHMPA6K5M3"',
106 silly get     age: '51',
106 silly get     'x-served-by': 'cache-ams4125-AMS',
106 silly get     'x-cache': 'HIT',
106 silly get     'x-cache-hits': '1',
106 silly get     'x-timer': 'S1415480663.025977,VS0,VE0',
106 silly get     vary: 'Accept',
106 silly get     'content-length': '0',
106 silly get     'keep-alive': 'timeout=10, max=50',
106 silly get     connection: 'Keep-Alive' } ]
107 verbose etag https://registry.npmjs.org/lodash from cache
108 http 304 https://registry.npmjs.org/vinyl
109 silly get cb [ 304,
109 silly get   { date: 'Sat, 08 Nov 2014 21:04:23 GMT',
109 silly get     server: 'Apache',
109 silly get     via: '1.1 varnish',
109 silly get     'last-modified': 'Sat, 08 Nov 2014 21:04:23 GMT',
109 silly get     'cache-control': 'max-age=60',
109 silly get     etag: '"AF165S6RQBFB9TFUQW6Z6YZ7T"',
109 silly get     age: '0',
109 silly get     'x-served-by': 'cache-ams4124-AMS',
109 silly get     'x-cache': 'HIT',
109 silly get     'x-cache-hits': '1',
109 silly get     'x-timer': 'S1415480663.025453,VS0,VE0',
109 silly get     vary: 'Accept',
109 silly get     'content-length': '0',
109 silly get     'keep-alive': 'timeout=10, max=50',
109 silly get     connection: 'Keep-Alive' } ]
110 verbose etag https://registry.npmjs.org/vinyl from cache
111 silly addNameRange number 2 { name: 'vinyl', range: '>=0.3.0 <0.4.0', hasData: true }
112 silly addNameRange versions [ 'vinyl',
112 silly addNameRange   [ '0.1.0',
112 silly addNameRange     '0.2.0',
112 silly addNameRange     '0.2.1',
112 silly addNameRange     '0.2.2',
112 silly addNameRange     '0.2.3',
112 silly addNameRange     '0.3.0',
112 silly addNameRange     '0.3.1',
112 silly addNameRange     '0.3.2',
112 silly addNameRange     '0.3.3',
112 silly addNameRange     '0.4.0',
112 silly addNameRange     '0.4.1',
112 silly addNameRange     '0.4.2',
112 silly addNameRange     '0.4.3' ] ]
113 verbose addNamed vinyl@0.3.3
114 silly addNamed semver.valid 0.3.3
115 silly addNamed semver.validRange 0.3.3
116 silly addNameRange number 2 { name: 'lodash', range: '>=2.4.1 <3.0.0', hasData: true }
117 silly addNameRange versions [ 'lodash',
117 silly addNameRange   [ '0.1.0',
117 silly addNameRange     '0.2.0',
117 silly addNameRange     '0.2.1',
117 silly addNameRange     '0.2.2',
117 silly addNameRange     '0.3.0',
117 silly addNameRange     '0.3.1',
117 silly addNameRange     '0.3.2',
117 silly addNameRange     '0.4.0',
117 silly addNameRange     '0.4.1',
117 silly addNameRange     '0.4.2',
117 silly addNameRange     '0.5.0-rc.1',
117 silly addNameRange     '0.5.0',
117 silly addNameRange     '0.5.1',
117 silly addNameRange     '0.5.2',
117 silly addNameRange     '0.6.0',
117 silly addNameRange     '0.6.1',
117 silly addNameRange     '0.7.0',
117 silly addNameRange     '0.8.0',
117 silly addNameRange     '0.8.1',
117 silly addNameRange     '0.8.2',
117 silly addNameRange     '0.9.0',
117 silly addNameRange     '0.9.1',
117 silly addNameRange     '0.9.2',
117 silly addNameRange     '0.10.0',
117 silly addNameRange     '1.0.0-rc.1',
117 silly addNameRange     '1.0.0-rc.2',
117 silly addNameRange     '1.0.0-rc.3',
117 silly addNameRange     '1.0.0',
117 silly addNameRange     '1.0.1',
117 silly addNameRange     '1.1.0',
117 silly addNameRange     '1.1.1',
117 silly addNameRange     '1.2.0',
117 silly addNameRange     '1.2.1',
117 silly addNameRange     '1.3.0',
117 silly addNameRange     '1.3.1',
117 silly addNameRange     '2.0.0',
117 silly addNameRange     '2.1.0',
117 silly addNameRange     '2.2.0',
117 silly addNameRange     '2.2.1',
117 silly addNameRange     '2.3.0',
117 silly addNameRange     '2.4.0',
117 silly addNameRange     '2.4.1' ] ]
118 verbose addNamed lodash@2.4.1
119 silly addNamed semver.valid 2.4.1
120 silly addNamed semver.validRange 2.4.1
121 silly mapToRegistry name vinyl
122 silly mapToRegistry using default registry
123 silly mapToRegistry registry https://registry.npmjs.org/
124 silly mapToRegistry uri https://registry.npmjs.org/vinyl
125 verbose addRemoteTarball https://registry.npmjs.org/vinyl/-/vinyl-0.3.3.tgz not in flight; adding
126 verbose addRemoteTarball [ 'https://registry.npmjs.org/vinyl/-/vinyl-0.3.3.tgz',
126 verbose addRemoteTarball   '45b2517a6ba6b53940d29c691ddbc92de50c2bf3' ]
127 info retry fetch attempt 1 at 23:04:32
128 info attempt registry request try #1 at 23:04:32
129 http fetch GET https://registry.npmjs.org/vinyl/-/vinyl-0.3.3.tgz
130 silly cache afterAdd lodash@2.4.1
131 verbose afterAdd /Users/mac/.npm/lodash/2.4.1/package/package.json not in flight; writing
132 verbose afterAdd /Users/mac/.npm/lodash/2.4.1/package/package.json written
133 http fetch 200 https://registry.npmjs.org/vinyl/-/vinyl-0.3.3.tgz
134 silly fetchAndShaCheck shasum 45b2517a6ba6b53940d29c691ddbc92de50c2bf3
135 verbose addTmpTarball /var/folders/90/whq4t5yx7dzgkz60k_18hlk00000gn/T/npm-23448-a4f9272a/registry.npmjs.org/vinyl/-/vinyl-0.3.3.tgz not in flight; adding
136 verbose addTmpTarball already have metadata; skipping unpack for vinyl@0.3.3
137 verbose about to build /Users/mac/Dropbox/Public/work/sources/apishopsForm/node_modules/gulp-run
138 verbose unlock done using /Users/mac/.npm/_locks/gulp-run-03e71cd47720ce42.lock for /Users/mac/Dropbox/Public/work/sources/apishopsForm/node_modules/gulp-run
139 verbose stack Error: EACCES, mkdir '/Users/mac/.npm/vinyl/0.3.3'
140 verbose cwd /Users/mac/Dropbox/Public/work/sources/apishopsForm/public
141 error Darwin 13.1.0
142 error argv "node" "/usr/local/bin/npm" "install" "gulp-run"
143 error node v0.10.33
144 error npm  v2.1.7
145 error path /Users/mac/.npm/vinyl/0.3.3
146 error code EACCES
147 error errno 3
148 error Error: EACCES, mkdir '/Users/mac/.npm/vinyl/0.3.3'
148 error  { [Error: EACCES, mkdir '/Users/mac/.npm/vinyl/0.3.3']
148 error   errno: 3,
148 error   code: 'EACCES',
148 error   path: '/Users/mac/.npm/vinyl/0.3.3',
148 error   parent: 'gulp-run' }
149 error Please try running this command again as root/Administrator.
150 verbose exit [ 3, true ]
151 verbose unbuild node_modules/gulp-run
152 info preuninstall gulp-run@1.6.4
153 info uninstall gulp-run@1.6.4
154 verbose unbuild rmStuff gulp-run@1.6.4 from /Users/mac/Dropbox/Public/work/sources/apishopsForm/node_modules
155 info postuninstall gulp-run@1.6.4
156 verbose gentlyRm vacuuming /Users/mac/Dropbox/Public/work/sources/apishopsForm/node_modules/gulp-run
157 silly gentlyRm purging /Users/mac/Dropbox/Public/work/sources/apishopsForm/node_modules/gulp-run
158 silly gentlyRm quitting because other entries in /Users/mac/Dropbox/Public/work/sources/apishopsForm/node_modules
